0 info it worked if it ends with ok
1 verbose cli [ 'C:\\Program Files\\nodejs\\node.exe',
1 verbose cli   'C:\\Program Files\\nodejs\\node_modules\\npm\\bin\\npm-cli.js',
1 verbose cli   'install',
1 verbose cli   '--save',
1 verbose cli   'ng2-bootstrap' ]
2 info using npm@2.15.1
3 info using node@v4.4.3
4 verbose install initial load of D:\VarunWork\angular2\package.json
5 verbose installManyTop reading scoped package data from D:\VarunWork\angular2\node_modules\angular2\package.json
6 verbose installManyTop reading scoped package data from D:\VarunWork\angular2\node_modules\angular2-in-memory-web-api\package.json
7 verbose installManyTop reading scoped package data from D:\VarunWork\angular2\node_modules\autoprefixer\package.json
8 verbose installManyTop reading scoped package data from D:\VarunWork\angular2\node_modules\bootstrap\package.json
9 verbose installManyTop reading scoped package data from D:\VarunWork\angular2\node_modules\concurrently\package.json
10 verbose installManyTop reading scoped package data from D:\VarunWork\angular2\node_modules\core-js\package.json
11 verbose installManyTop reading scoped package data from D:\VarunWork\angular2\node_modules\cssnano\package.json
12 verbose installManyTop reading scoped package data from D:\VarunWork\angular2\node_modules\es6-shim\package.json
13 verbose installManyTop reading scoped package data from D:\VarunWork\angular2\node_modules\gulp\package.json
14 verbose installManyTop reading scoped package data from D:\VarunWork\angular2\node_modules\gulp-ext-replace\package.json
15 verbose installManyTop reading scoped package data from D:\VarunWork\angular2\node_modules\gulp-imagemin\package.json
16 verbose installManyTop reading scoped package data from D:\VarunWork\angular2\node_modules\gulp-postcss\package.json
17 verbose installManyTop reading scoped package data from D:\VarunWork\angular2\node_modules\gulp-sourcemaps\package.json
18 verbose installManyTop reading scoped package data from D:\VarunWork\angular2\node_modules\gulp-typescript\package.json
19 verbose installManyTop reading scoped package data from D:\VarunWork\angular2\node_modules\gulp-uglify\package.json
20 verbose installManyTop reading scoped package data from D:\VarunWork\angular2\node_modules\lite-server\package.json
21 verbose installManyTop reading scoped package data from D:\VarunWork\angular2\node_modules\moment\package.json
22 verbose installManyTop reading scoped package data from D:\VarunWork\angular2\node_modules\ng2-bootstrap\package.json
23 verbose installManyTop reading scoped package data from D:\VarunWork\angular2\node_modules\postcss\package.json
24 verbose installManyTop reading scoped package data from D:\VarunWork\angular2\node_modules\postcss-scss\package.json
25 verbose installManyTop reading scoped package data from D:\VarunWork\angular2\node_modules\precss\package.json
26 verbose installManyTop reading scoped package data from D:\VarunWork\angular2\node_modules\reflect-metadata\package.json
27 verbose installManyTop reading scoped package data from D:\VarunWork\angular2\node_modules\rxjs\package.json
28 verbose installManyTop reading scoped package data from D:\VarunWork\angular2\node_modules\systemjs\package.json
29 verbose installManyTop reading scoped package data from D:\VarunWork\angular2\node_modules\typescript\package.json
30 verbose installManyTop reading scoped package data from D:\VarunWork\angular2\node_modules\typings\package.json
31 verbose installManyTop reading scoped package data from D:\VarunWork\angular2\node_modules\zone.js\package.json
32 verbose installManyTop reading scoped package data from D:\VarunWork\angular2\node_modules\@angular\common\package.json
33 verbose installManyTop reading scoped package data from D:\VarunWork\angular2\node_modules\@angular\compiler\package.json
34 verbose installManyTop reading scoped package data from D:\VarunWork\angular2\node_modules\@angular\core\package.json
35 verbose installManyTop reading scoped package data from D:\VarunWork\angular2\node_modules\@angular\http\package.json
36 verbose installManyTop reading scoped package data from D:\VarunWork\angular2\node_modules\@angular\platform-browser\package.json
37 verbose installManyTop reading scoped package data from D:\VarunWork\angular2\node_modules\@angular\platform-browser-dynamic\package.json
38 verbose installManyTop reading scoped package data from D:\VarunWork\angular2\node_modules\@angular\router\package.json
39 verbose installManyTop reading scoped package data from D:\VarunWork\angular2\node_modules\@angular\router-deprecated\package.json
40 verbose installManyTop reading scoped package data from D:\VarunWork\angular2\node_modules\@angular\upgrade\package.json
41 info package.json core-js@2.4.0 No README data
42 info package.json @angular/common@2.0.0-rc.1 No description
43 info package.json @angular/common@2.0.0-rc.1 No repository field.
44 info package.json @angular/common@2.0.0-rc.1 No README data
45 info package.json @angular/core@2.0.0-rc.1 No description
46 info package.json @angular/core@2.0.0-rc.1 No repository field.
47 info package.json @angular/core@2.0.0-rc.1 No README data
48 info package.json @angular/compiler@2.0.0-rc.1 No description
49 info package.json @angular/compiler@2.0.0-rc.1 No repository field.
50 info package.json @angular/compiler@2.0.0-rc.1 No README data
51 info package.json @angular/router-deprecated@2.0.0-rc.1 No description
52 info package.json @angular/router-deprecated@2.0.0-rc.1 No repository field.
53 info package.json @angular/router-deprecated@2.0.0-rc.1 No README data
54 info package.json @angular/http@2.0.0-rc.1 No description
55 info package.json @angular/http@2.0.0-rc.1 No repository field.
56 info package.json @angular/http@2.0.0-rc.1 No README data
57 info package.json @angular/platform-browser@2.0.0-rc.1 No description
58 info package.json @angular/platform-browser@2.0.0-rc.1 No repository field.
59 info package.json @angular/platform-browser@2.0.0-rc.1 No README data
60 info package.json @angular/router@2.0.0-rc.1 No description
61 info package.json @angular/router@2.0.0-rc.1 No repository field.
62 info package.json @angular/router@2.0.0-rc.1 No README data
63 info package.json @angular/platform-browser-dynamic@2.0.0-rc.1 No description
64 info package.json @angular/platform-browser-dynamic@2.0.0-rc.1 No repository field.
65 info package.json @angular/platform-browser-dynamic@2.0.0-rc.1 No README data
66 info package.json @angular/upgrade@2.0.0-rc.1 No description
67 info package.json @angular/upgrade@2.0.0-rc.1 No repository field.
68 info package.json @angular/upgrade@2.0.0-rc.1 No README data
69 verbose readDependencies loading dependencies from D:\VarunWork\angular2\package.json
70 verbose install ng2-bootstrap is installed as 1.0.16
71 silly cache add args [ 'ng2-bootstrap', null ]
72 verbose cache add spec ng2-bootstrap
73 silly cache add parsed spec Result {
73 silly cache add   raw: 'ng2-bootstrap',
73 silly cache add   scope: null,
73 silly cache add   name: 'ng2-bootstrap',
73 silly cache add   rawSpec: '',
73 silly cache add   spec: 'latest',
73 silly cache add   type: 'tag' }
74 silly addNamed ng2-bootstrap@latest
75 verbose addNamed "latest" is being treated as a dist-tag for ng2-bootstrap
76 info addNameTag [ 'ng2-bootstrap', 'latest' ]
77 silly mapToRegistry name ng2-bootstrap
78 silly mapToRegistry using default registry
79 silly mapToRegistry registry https://registry.npmjs.org/
80 silly mapToRegistry data Result {
80 silly mapToRegistry   raw: 'ng2-bootstrap',
80 silly mapToRegistry   scope: null,
80 silly mapToRegistry   name: 'ng2-bootstrap',
80 silly mapToRegistry   rawSpec: '',
80 silly mapToRegistry   spec: 'latest',
80 silly mapToRegistry   type: 'tag' }
81 silly mapToRegistry uri https://registry.npmjs.org/ng2-bootstrap
82 verbose addNameTag registry:https://registry.npmjs.org/ng2-bootstrap not in flight; fetching
83 verbose request uri https://registry.npmjs.org/ng2-bootstrap
84 verbose request no auth needed
85 info attempt registry request try #1 at 4:21:34 PM
86 verbose request id 012586a359d652c1
87 verbose etag "5Z7PW634317ARN46YGY6WEN1R"
88 http request GET https://registry.npmjs.org/ng2-bootstrap
89 http 304 https://registry.npmjs.org/ng2-bootstrap
90 verbose headers { date: 'Tue, 24 May 2016 10:51:36 GMT',
90 verbose headers   via: '1.1 varnish',
90 verbose headers   'cache-control': 'max-age=300',
90 verbose headers   etag: '"5Z7PW634317ARN46YGY6WEN1R"',
90 verbose headers   age: '0',
90 verbose headers   connection: 'keep-alive',
90 verbose headers   'x-served-by': 'cache-sin6924-SIN',
90 verbose headers   'x-cache': 'HIT',
90 verbose headers   'x-cache-hits': '1',
90 verbose headers   'x-timer': 'S1464087096.557386,VS0,VE257',
90 verbose headers   vary: 'Accept-Encoding' }
91 silly get cb [ 304,
91 silly get   { date: 'Tue, 24 May 2016 10:51:36 GMT',
91 silly get     via: '1.1 varnish',
91 silly get     'cache-control': 'max-age=300',
91 silly get     etag: '"5Z7PW634317ARN46YGY6WEN1R"',
91 silly get     age: '0',
91 silly get     connection: 'keep-alive',
91 silly get     'x-served-by': 'cache-sin6924-SIN',
91 silly get     'x-cache': 'HIT',
91 silly get     'x-cache-hits': '1',
91 silly get     'x-timer': 'S1464087096.557386,VS0,VE257',
91 silly get     vary: 'Accept-Encoding' } ]
92 verbose etag https://registry.npmjs.org/ng2-bootstrap from cache
93 verbose get saving ng2-bootstrap to C:\Users\varun\AppData\Roaming\npm-cache\registry.npmjs.org\ng2-bootstrap\.cache.json
94 verbose correctMkdir C:\Users\varun\AppData\Roaming\npm-cache correctMkdir not in flight; initializing
95 silly addNameTag next cb for ng2-bootstrap with tag latest
96 silly addNamed ng2-bootstrap@1.0.16
97 verbose addNamed "1.0.16" is a plain semver version for ng2-bootstrap
98 silly cache afterAdd ng2-bootstrap@1.0.16
99 verbose afterAdd C:\Users\varun\AppData\Roaming\npm-cache\ng2-bootstrap\1.0.16\package\package.json not in flight; writing
100 verbose correctMkdir C:\Users\varun\AppData\Roaming\npm-cache correctMkdir not in flight; initializing
101 verbose afterAdd C:\Users\varun\AppData\Roaming\npm-cache\ng2-bootstrap\1.0.16\package\package.json written
102 silly install resolved [ { name: 'ng2-bootstrap',
102 silly install resolved     version: '1.0.16',
102 silly install resolved     description: 'angular2 bootstrap components',
102 silly install resolved     scripts:
102 silly install resolved      { 'flow.install:typings': 'typings install',
102 silly install resolved        'flow.compile': 'npm run flow.install:typings && npm run flow.compile:common && npm run flow.compile:system ',
102 silly install resolved        'flow.compile:common': 'tsc',
102 silly install resolved        'flow.compile:system': './.config/bundle-system.js',
102 silly install resolved        'flow.copy:src': 'cpy ng2-bootstrap.ts "components/*.ts" ts --parents',
102 silly install resolved        'flow.clean': 'del bundles coverage demo-build typings "components/**/*.+(js|d.ts|js.map)" dist "ng2-bootstrap.+(js|d.ts|js.map)"',
102 silly install resolved        'flow.deploy:gh-pages': 'npm run flow.build:prod && ./node_modules/.bin/gh-pages -d demo-build',
102 silly install resolved        'flow.eslint': 'eslint --ignore-path .gitignore  --ext js --fix . .config',
102 silly install resolved        'flow.tslint': 'gulp lint',
102 silly install resolved        'flow.lint': 'npm run flow.eslint && npm run flow.tslint',
102 silly install resolved        'flow.changelog': 'conventional-changelog -i CHANGELOG.md -s -p angular -v',
102 silly install resolved        'flow.github-release': 'conventional-github-releaser -p angular',
102 silly install resolved        'flow.build:prod': 'NODE_ENV=production ./node_modules/.bin/webpack --progress --color',
102 silly install resolved        'flow.build:dev': 'webpack --progress --color',
102 silly install resolved        'flow.serve:dev': 'webpack-dev-server --hot --inline --colors --display-error-details --display-cached',
102 silly install resolved        'flow.serve:prod': 'NODE_ENV=production ./node_modules/.bin/webpack-dev-server --hot --inline --colors --display-error-details --display-cached',
102 silly install resolved        prepublish: 'npm run flow.clean && npm run flow.compile',
102 silly install resolved        postpublish: 'npm run flow.deploy:gh-pages',
102 silly install resolved        start: 'npm run flow.serve:dev',
102 silly install resolved        pretest: 'npm run flow.lint',
102 silly install resolved        test: 'NODE_ENV=test ./node_modules/.bin/karma start',
102 silly install resolved        preversion: 'npm test',
102 silly install resolved        version: 'npm run flow.changelog && git add -A',
102 silly install resolved        postversion: 'git push origin development && git push --tags' },
102 silly install resolved     main: 'ng2-bootstrap.js',
102 silly install resolved     typings: 'ng2-bootstrap.d.ts',
102 silly install resolved     keywords: [ 'angular2', 'bootstrap', 'angularjs', 'twitter-bootstrap' ],
102 silly install resolved     author: { name: 'Dmitriy Shekhovtsov', email: 'valorkin@gmail.com' },
102 silly install resolved     license: 'MIT',
102 silly install resolved     repository:
102 silly install resolved      { type: 'git',
102 silly install resolved        url: 'git+ssh://git@github.com/valor-software/ng2-bootstrap.git' },
102 silly install resolved     bugs: { url: 'https://github.com/valor-software/ng2-bootstrap/issues' },
102 silly install resolved     homepage: 'https://github.com/valor-software/ng2-bootstrap#readme',
102 silly install resolved     dependencies: { moment: '2.13.0' },
102 silly install resolved     peerDependencies:
102 silly install resolved      { '@angular/common': '^2.0.0-rc.1',
102 silly install resolved        '@angular/compiler': '^2.0.0-rc.1',
102 silly install resolved        '@angular/core': '^2.0.0-rc.1',
102 silly install resolved        '@angular/platform-browser': '^2.0.0-rc.1',
102 silly install resolved        '@angular/platform-browser-dynamic': '^2.0.0-rc.1' },
102 silly install resolved     devDependencies:
102 silly install resolved      { '@angular/common': '^2.0.0-rc.1',
102 silly install resolved        '@angular/compiler': '^2.0.0-rc.1',
102 silly install resolved        '@angular/core': '^2.0.0-rc.1',
102 silly install resolved        '@angular/platform-browser': '^2.0.0-rc.1',
102 silly install resolved        '@angular/platform-browser-dynamic': '^2.0.0-rc.1',
102 silly install resolved        async: '1.5.2',
102 silly install resolved        'balanced-match': '0.4.1',
102 silly install resolved        bootstrap: '3.3.6',
102 silly install resolved        codecov: '1.0.1',
102 silly install resolved        'compression-webpack-plugin': '0.3.1',
102 silly install resolved        'conventional-changelog-cli': '1.1.1',
102 silly install resolved        'conventional-github-releaser': '1.1.2',
102 silly install resolved        'copy-webpack-plugin': '2.1.3',
102 silly install resolved        'cpy-cli': '1.0.0',
102 silly install resolved        'del-cli': '0.2.0',
102 silly install resolved        'es6-promise': '3.1.2',
102 silly install resolved        'es6-shim': '0.35.0',
102 silly install resolved        'es7-reflect-metadata': '1.6.0',
102 silly install resolved        'eslint-config-valorsoft': '0.0.10',
102 silly install resolved        'exports-loader': '0.6.3',
102 silly install resolved        'file-loader': '0.8.5',
102 silly install resolved        'gh-pages': '0.11.0',
102 silly install resolved        gulp: '3.9.1',
102 silly install resolved        'gulp-size': '2.1.0',
102 silly install resolved        'gulp-tslint': 'github:valorkin/gulp-tslint',
102 silly install resolved        'html-loader': '0.4.3',
102 silly install resolved        'html-webpack-plugin': '2.16.1',
102 silly install resolved        'istanbul-instrumenter-loader': '0.2.0',
102 silly install resolved        jasmine: '2.4.1',
102 silly install resolved        karma: '0.13.22',
102 silly install resolved        'karma-chrome-launcher': '1.0.1',
102 silly install resolved        'karma-coverage': '1.0.0',
102 silly install resolved        'karma-jasmine': '1.0.2',
102 silly install resolved        'karma-phantomjs-launcher': '1.0.0',
102 silly install resolved        'karma-sourcemap-loader': '0.3.7',
102 silly install resolved        'karma-spec-reporter': '0.0.26',
102 silly install resolved        'karma-webpack': '1.7.0',
102 silly install resolved        'lite-server': '2.2.0',
102 silly install resolved        'markdown-loader': '0.1.7',
102 silly install resolved        marked: '0.3.5',
102 silly install resolved        'phantomjs-polyfill': '0.0.2',
102 silly install resolved        'phantomjs-prebuilt': '2.1.7',
102 silly install resolved        'pre-commit': '1.1.2',
102 silly install resolved        prismjs: '1.4.1',
102 silly install resolved        'prismjs-loader': '0.0.2',
102 silly install resolved        'raw-loader': '0.5.1',
102 silly install resolved        'reflect-metadata': '0.1.2',
102 silly install resolved        'require-dir': '0.3.0',
102 silly install resolved        rxjs: '5.0.0-beta.6',
102 silly install resolved        'source-map-loader': '0.1.5',
102 silly install resolved        'systemjs-builder': '0.15.16',
102 silly install resolved        'ts-loader': '0.8.2',
102 silly install resolved        'tslint-config-valorsoft': '1.0.2',
102 silly install resolved        typescript: '1.8.10',
102 silly install resolved        typings: '0.8.1',
102 silly install resolved        webpack: '1.13.0',
102 silly install resolved        'webpack-dev-server': '1.14.1',
102 silly install resolved        'zone.js': '0.6.12' },
102 silly install resolved     gitHead: '7c08ddfc3e6359e97376681ea0cbaac4126afff6',
102 silly install resolved     _id: 'ng2-bootstrap@1.0.16',
102 silly install resolved     _shasum: '2e5cb3e93f4bf77f3375a3ddd0370d656ebee3ef',
102 silly install resolved     _from: 'ng2-bootstrap@latest',
102 silly install resolved     _npmVersion: '3.8.8',
102 silly install resolved     _nodeVersion: '5.9.1',
102 silly install resolved     _npmUser: { name: 'valorkin', email: 'valorkin@gmail.com' },
102 silly install resolved     dist:
102 silly install resolved      { shasum: '2e5cb3e93f4bf77f3375a3ddd0370d656ebee3ef',
102 silly install resolved        tarball: 'https://registry.npmjs.org/ng2-bootstrap/-/ng2-bootstrap-1.0.16.tgz' },
102 silly install resolved     maintainers: [ [Object] ],
102 silly install resolved     _npmOperationalInternal:
102 silly install resolved      { host: 'packages-12-west.internal.npmjs.com',
102 silly install resolved        tmp: 'tmp/ng2-bootstrap-1.0.16.tgz_1462568561617_0.2784079669509083' },
102 silly install resolved     directories: {},
102 silly install resolved     _resolved: 'https://registry.npmjs.org/ng2-bootstrap/-/ng2-bootstrap-1.0.16.tgz',
102 silly install resolved     readme: 'ERROR: No README data found!' } ]
103 info install ng2-bootstrap@1.0.16 into D:\VarunWork\angular2
104 info installOne ng2-bootstrap@1.0.16
105 verbose installOne of ng2-bootstrap to D:\VarunWork\angular2 not in flight; installing
106 verbose correctMkdir C:\Users\varun\AppData\Roaming\npm-cache\_locks correctMkdir not in flight; initializing
107 verbose lock using C:\Users\varun\AppData\Roaming\npm-cache\_locks\ng2-bootstrap-3e8d70a411c6cda6.lock for D:\VarunWork\angular2\node_modules\ng2-bootstrap
108 silly install write writing ng2-bootstrap 1.0.16 to D:\VarunWork\angular2\node_modules\ng2-bootstrap
109 verbose unbuild node_modules\ng2-bootstrap
110 info preuninstall ng2-bootstrap@1.0.16
111 info uninstall ng2-bootstrap@1.0.16
112 verbose unbuild rmStuff ng2-bootstrap@1.0.16 from D:\VarunWork\angular2\node_modules
113 info postuninstall ng2-bootstrap@1.0.16
114 silly gentlyRm D:\VarunWork\angular2\node_modules\ng2-bootstrap is being purged from base D:\VarunWork\angular2
115 verbose gentlyRm don't care about contents; nuking D:\VarunWork\angular2\node_modules\ng2-bootstrap
116 silly vacuum-fs purging D:\VarunWork\angular2\node_modules\ng2-bootstrap
117 silly vacuum-fs quitting because other entries in D:\VarunWork\angular2\node_modules
118 verbose tar unpack C:\Users\varun\AppData\Roaming\npm-cache\ng2-bootstrap\1.0.16\package.tgz
119 verbose tar unpacking to D:\VarunWork\angular2\node_modules\ng2-bootstrap
120 silly gentlyRm D:\VarunWork\angular2\node_modules\ng2-bootstrap is being purged
121 verbose gentlyRm don't care about contents; nuking D:\VarunWork\angular2\node_modules\ng2-bootstrap
122 silly gunzTarPerm modes [ '777', '666' ]
123 silly gunzTarPerm extractEntry package.json
124 silly gunzTarPerm modified mode [ 'package.json', 420, 438 ]
125 silly gunzTarPerm extractEntry .npmignore
126 silly gunzTarPerm modified mode [ '.npmignore', 420, 438 ]
127 silly gunzTarPerm extractEntry README.md
128 silly gunzTarPerm modified mode [ 'README.md', 420, 438 ]
129 silly gunzTarPerm extractEntry LICENSE
130 silly gunzTarPerm modified mode [ 'LICENSE', 420, 438 ]
131 silly gunzTarPerm extractEntry gulpfile.js
132 silly gunzTarPerm modified mode [ 'gulpfile.js', 420, 438 ]
133 silly gunzTarPerm extractEntry ng2-bootstrap.js
134 silly gunzTarPerm modified mode [ 'ng2-bootstrap.js', 420, 438 ]
135 silly gunzTarPerm extractEntry bundles/ng2-bootstrap.js
136 silly gunzTarPerm modified mode [ 'bundles/ng2-bootstrap.js', 420, 438 ]
137 silly gunzTarPerm extractEntry bundles/ng2-bootstrap.min.js
138 silly gunzTarPerm modified mode [ 'bundles/ng2-bootstrap.min.js', 420, 438 ]
139 silly gunzTarPerm extractEntry bundles/ng2-bootstrap.js.gz
140 silly gunzTarPerm modified mode [ 'bundles/ng2-bootstrap.js.gz', 420, 438 ]
141 silly gunzTarPerm extractEntry bundles/ng2-bootstrap.js.map.gz
142 silly gunzTarPerm modified mode [ 'bundles/ng2-bootstrap.js.map.gz', 420, 438 ]
143 silly gunzTarPerm extractEntry bundles/ng2-bootstrap.min.js.gz
144 silly gunzTarPerm modified mode [ 'bundles/ng2-bootstrap.min.js.gz', 420, 438 ]
145 silly gunzTarPerm extractEntry bundles/ng2-bootstrap.min.js.map.gz
146 silly gunzTarPerm modified mode [ 'bundles/ng2-bootstrap.min.js.map.gz', 420, 438 ]
147 silly gunzTarPerm extractEntry components/ng2-bootstrap-config.js
148 silly gunzTarPerm modified mode [ 'components/ng2-bootstrap-config.js', 420, 438 ]
149 silly gunzTarPerm extractEntry components/collapse.js
150 silly gunzTarPerm modified mode [ 'components/collapse.js', 420, 438 ]
151 silly gunzTarPerm extractEntry components/common.js
152 silly gunzTarPerm modified mode [ 'components/common.js', 420, 438 ]
153 silly gunzTarPerm extractEntry components/datepicker.js
154 silly gunzTarPerm modified mode [ 'components/datepicker.js', 420, 438 ]
155 silly gunzTarPerm extractEntry components/carousel.js
156 silly gunzTarPerm modified mode [ 'components/carousel.js', 420, 438 ]
157 silly gunzTarPerm extractEntry components/pagination.js
158 silly gunzTarPerm modified mode [ 'components/pagination.js', 420, 438 ]
159 silly gunzTarPerm extractEntry components/position.js
160 silly gunzTarPerm modified mode [ 'components/position.js', 420, 438 ]
161 silly gunzTarPerm extractEntry components/progressbar.js
162 silly gunzTarPerm modified mode [ 'components/progressbar.js', 420, 438 ]
163 silly gunzTarPerm extractEntry components/rating.js
164 silly gunzTarPerm modified mode [ 'components/rating.js', 420, 438 ]
165 silly gunzTarPerm extractEntry components/tabs.js
166 silly gunzTarPerm modified mode [ 'components/tabs.js', 420, 438 ]
167 silly gunzTarPerm extractEntry components/buttons.js
168 silly gunzTarPerm modified mode [ 'components/buttons.js', 420, 438 ]
169 silly gunzTarPerm extractEntry components/timepicker.js
170 silly gunzTarPerm modified mode [ 'components/timepicker.js', 420, 438 ]
171 silly gunzTarPerm extractEntry components/alert.js
172 silly gunzTarPerm modified mode [ 'components/alert.js', 420, 438 ]
173 silly gunzTarPerm extractEntry components/tooltip.js
174 silly gunzTarPerm modified mode [ 'components/tooltip.js', 420, 438 ]
175 silly gunzTarPerm extractEntry components/accordion.js
176 silly gunzTarPerm modified mode [ 'components/accordion.js', 420, 438 ]
177 silly gunzTarPerm extractEntry components/typeahead.js
178 silly gunzTarPerm modified mode [ 'components/typeahead.js', 420, 438 ]
179 silly gunzTarPerm extractEntry components/dropdown.js
180 silly gunzTarPerm modified mode [ 'components/dropdown.js', 420, 438 ]
181 silly gunzTarPerm extractEntry components/collapse.d.ts
182 silly gunzTarPerm modified mode [ 'components/collapse.d.ts', 420, 438 ]
183 silly gunzTarPerm extractEntry components/alert.d.ts
184 silly gunzTarPerm modified mode [ 'components/alert.d.ts', 420, 438 ]
185 silly gunzTarPerm extractEntry components/common.d.ts
186 silly gunzTarPerm modified mode [ 'components/common.d.ts', 420, 438 ]
187 silly gunzTarPerm extractEntry components/accordion/accordion-group.component.js
188 silly gunzTarPerm modified mode [ 'components/accordion/accordion-group.component.js', 420, 438 ]
189 silly gunzTarPerm extractEntry components/accordion/accordion.component.js
190 silly gunzTarPerm modified mode [ 'components/accordion/accordion.component.js', 420, 438 ]
191 silly gunzTarPerm extractEntry components/accordion/accordion-group.component.d.ts
192 silly gunzTarPerm modified mode [ 'components/accordion/accordion-group.component.d.ts',
192 silly gunzTarPerm   420,
192 silly gunzTarPerm   438 ]
193 silly gunzTarPerm extractEntry components/accordion/accordion.component.d.ts
194 silly gunzTarPerm modified mode [ 'components/accordion/accordion.component.d.ts', 420, 438 ]
195 silly gunzTarPerm extractEntry components/accordion/readme.md
196 silly gunzTarPerm modified mode [ 'components/accordion/readme.md', 420, 438 ]
197 silly gunzTarPerm extractEntry components/accordion/title.md
198 silly gunzTarPerm modified mode [ 'components/accordion/title.md', 420, 438 ]
199 silly gunzTarPerm extractEntry components/datepicker/datepicker-inner.component.js
200 silly gunzTarPerm modified mode [ 'components/datepicker/datepicker-inner.component.js',
200 silly gunzTarPerm   420,
200 silly gunzTarPerm   438 ]
201 silly gunzTarPerm extractEntry components/datepicker/datepicker-popup.component.js
202 silly gunzTarPerm modified mode [ 'components/datepicker/datepicker-popup.component.js',
202 silly gunzTarPerm   420,
202 silly gunzTarPerm   438 ]
203 silly gunzTarPerm extractEntry components/datepicker/datepicker.component.js
204 silly gunzTarPerm modified mode [ 'components/datepicker/datepicker.component.js', 420, 438 ]
205 silly gunzTarPerm extractEntry components/datepicker/date-formatter.js
206 silly gunzTarPerm modified mode [ 'components/datepicker/date-formatter.js', 420, 438 ]
207 silly gunzTarPerm extractEntry components/datepicker/daypicker.component.js
208 silly gunzTarPerm modified mode [ 'components/datepicker/daypicker.component.js', 420, 438 ]
209 silly gunzTarPerm extractEntry components/datepicker/monthpicker.component.js
210 silly gunzTarPerm modified mode [ 'components/datepicker/monthpicker.component.js', 420, 438 ]
211 silly gunzTarPerm extractEntry components/datepicker/yearpicker.component.js
212 silly gunzTarPerm modified mode [ 'components/datepicker/yearpicker.component.js', 420, 438 ]
213 silly gunzTarPerm extractEntry components/datepicker/datepicker.component.d.ts
214 silly gunzTarPerm modified mode [ 'components/datepicker/datepicker.component.d.ts', 420, 438 ]
215 silly gunzTarPerm extractEntry components/datepicker/datepicker-inner.component.d.ts
216 silly gunzTarPerm modified mode [ 'components/datepicker/datepicker-inner.component.d.ts',
216 silly gunzTarPerm   420,
216 silly gunzTarPerm   438 ]
217 silly gunzTarPerm extractEntry components/datepicker/date-formatter.d.ts
218 silly gunzTarPerm modified mode [ 'components/datepicker/date-formatter.d.ts', 420, 438 ]
219 silly gunzTarPerm extractEntry components/datepicker/daypicker.component.d.ts
220 silly gunzTarPerm modified mode [ 'components/datepicker/daypicker.component.d.ts', 420, 438 ]
221 silly gunzTarPerm extractEntry components/datepicker/monthpicker.component.d.ts
222 silly gunzTarPerm modified mode [ 'components/datepicker/monthpicker.component.d.ts', 420, 438 ]
223 silly gunzTarPerm extractEntry components/datepicker/datepicker-popup.component.d.ts
224 silly gunzTarPerm modified mode [ 'components/datepicker/datepicker-popup.component.d.ts',
224 silly gunzTarPerm   420,
224 silly gunzTarPerm   438 ]
225 silly gunzTarPerm extractEntry components/datepicker/readme.md
226 silly gunzTarPerm modified mode [ 'components/datepicker/readme.md', 420, 438 ]
227 silly gunzTarPerm extractEntry components/datepicker/title.md
228 silly gunzTarPerm modified mode [ 'components/datepicker/title.md', 420, 438 ]
229 silly gunzTarPerm extractEntry components/datepicker/yearpicker.component.d.ts
230 silly gunzTarPerm modified mode [ 'components/datepicker/yearpicker.component.d.ts', 420, 438 ]
231 silly gunzTarPerm extractEntry components/datepicker.d.ts
232 silly gunzTarPerm modified mode [ 'components/datepicker.d.ts', 420, 438 ]
233 silly gunzTarPerm extractEntry components/dropdown/dropdown.directive.js
234 silly gunzTarPerm modified mode [ 'components/dropdown/dropdown.directive.js', 420, 438 ]
235 silly gunzTarPerm extractEntry components/dropdown/dropdown-menu.directive.js
236 silly gunzTarPerm modified mode [ 'components/dropdown/dropdown-menu.directive.js', 420, 438 ]
237 silly gunzTarPerm extractEntry components/dropdown/dropdown-toggle.directive.js
238 silly gunzTarPerm modified mode [ 'components/dropdown/dropdown-toggle.directive.js', 420, 438 ]
239 silly gunzTarPerm extractEntry components/dropdown/dropdown.service.js
240 silly gunzTarPerm modified mode [ 'components/dropdown/dropdown.service.js', 420, 438 ]
241 silly gunzTarPerm extractEntry components/dropdown/dropdown-toggle.directive.d.ts
242 silly gunzTarPerm modified mode [ 'components/dropdown/dropdown-toggle.directive.d.ts',
242 silly gunzTarPerm   420,
242 silly gunzTarPerm   438 ]
243 silly gunzTarPerm extractEntry components/dropdown/dropdown.directive.d.ts
244 silly gunzTarPerm modified mode [ 'components/dropdown/dropdown.directive.d.ts', 420, 438 ]
245 silly gunzTarPerm extractEntry components/dropdown/dropdown-menu.directive.d.ts
246 silly gunzTarPerm modified mode [ 'components/dropdown/dropdown-menu.directive.d.ts', 420, 438 ]
247 silly gunzTarPerm extractEntry components/dropdown/dropdown.service.d.ts
248 silly gunzTarPerm modified mode [ 'components/dropdown/dropdown.service.d.ts', 420, 438 ]
249 silly gunzTarPerm extractEntry components/dropdown/readme.md
250 silly gunzTarPerm modified mode [ 'components/dropdown/readme.md', 420, 438 ]
251 silly gunzTarPerm extractEntry components/dropdown/title.md
252 silly gunzTarPerm modified mode [ 'components/dropdown/title.md', 420, 438 ]
253 silly gunzTarPerm extractEntry components/dropdown.d.ts
254 silly gunzTarPerm modified mode [ 'components/dropdown.d.ts', 420, 438 ]
255 silly gunzTarPerm extractEntry components/buttons/button-checkbox.directive.js
256 silly gunzTarPerm modified mode [ 'components/buttons/button-checkbox.directive.js', 420, 438 ]
257 silly gunzTarPerm extractEntry components/buttons/button-radio.directive.js
258 silly gunzTarPerm modified mode [ 'components/buttons/button-radio.directive.js', 420, 438 ]
259 silly gunzTarPerm extractEntry components/buttons/button-checkbox.directive.d.ts
260 silly gunzTarPerm modified mode [ 'components/buttons/button-checkbox.directive.d.ts', 420, 438 ]
261 silly gunzTarPerm extractEntry components/buttons/button-radio.directive.d.ts
262 silly gunzTarPerm modified mode [ 'components/buttons/button-radio.directive.d.ts', 420, 438 ]
263 silly gunzTarPerm extractEntry components/buttons/readme.md
264 silly gunzTarPerm modified mode [ 'components/buttons/readme.md', 420, 438 ]
265 silly gunzTarPerm extractEntry components/buttons/title.md
266 silly gunzTarPerm modified mode [ 'components/buttons/title.md', 420, 438 ]
267 silly gunzTarPerm extractEntry components/ng2-bootstrap-config.d.ts
268 silly gunzTarPerm modified mode [ 'components/ng2-bootstrap-config.d.ts', 420, 438 ]
269 silly gunzTarPerm extractEntry components/accordion.d.ts
270 silly gunzTarPerm modified mode [ 'components/accordion.d.ts', 420, 438 ]
271 silly gunzTarPerm extractEntry components/pagination/pager.component.js
272 silly gunzTarPerm modified mode [ 'components/pagination/pager.component.js', 420, 438 ]
273 silly gunzTarPerm extractEntry components/pagination/pagination.component.js
274 silly gunzTarPerm modified mode [ 'components/pagination/pagination.component.js', 420, 438 ]
275 silly gunzTarPerm extractEntry components/pagination/pager.component.d.ts
276 silly gunzTarPerm modified mode [ 'components/pagination/pager.component.d.ts', 420, 438 ]
277 silly gunzTarPerm extractEntry components/pagination/pagination.component.d.ts
278 silly gunzTarPerm modified mode [ 'components/pagination/pagination.component.d.ts', 420, 438 ]
279 silly gunzTarPerm extractEntry components/pagination/readme.md
280 silly gunzTarPerm modified mode [ 'components/pagination/readme.md', 420, 438 ]
281 silly gunzTarPerm extractEntry components/pagination/title.md
282 silly gunzTarPerm modified mode [ 'components/pagination/title.md', 420, 438 ]
283 silly gunzTarPerm extractEntry components/pagination.d.ts
284 silly gunzTarPerm modified mode [ 'components/pagination.d.ts', 420, 438 ]
285 silly gunzTarPerm extractEntry components/buttons.d.ts
286 silly gunzTarPerm modified mode [ 'components/buttons.d.ts', 420, 438 ]
287 silly gunzTarPerm extractEntry components/position.d.ts
288 silly gunzTarPerm modified mode [ 'components/position.d.ts', 420, 438 ]
289 silly gunzTarPerm extractEntry components/progressbar/progress.directive.js
290 silly gunzTarPerm modified mode [ 'components/progressbar/progress.directive.js', 420, 438 ]
291 silly gunzTarPerm extractEntry components/progressbar/bar.component.js
292 silly gunzTarPerm modified mode [ 'components/progressbar/bar.component.js', 420, 438 ]
293 silly gunzTarPerm extractEntry components/progressbar/progressbar.component.js
294 silly gunzTarPerm modified mode [ 'components/progressbar/progressbar.component.js', 420, 438 ]
295 silly gunzTarPerm extractEntry components/progressbar/bar.component.d.ts
296 silly gunzTarPerm modified mode [ 'components/progressbar/bar.component.d.ts', 420, 438 ]
297 silly gunzTarPerm extractEntry components/progressbar/progressbar.component.d.ts
298 silly gunzTarPerm modified mode [ 'components/progressbar/progressbar.component.d.ts', 420, 438 ]
299 silly gunzTarPerm extractEntry components/progressbar/progress.directive.d.ts
300 silly gunzTarPerm modified mode [ 'components/progressbar/progress.directive.d.ts', 420, 438 ]
301 silly gunzTarPerm extractEntry components/progressbar/readme.md
302 silly gunzTarPerm modified mode [ 'components/progressbar/readme.md', 420, 438 ]
303 silly gunzTarPerm extractEntry components/progressbar/title.md
304 silly gunzTarPerm modified mode [ 'components/progressbar/title.md', 420, 438 ]
305 silly gunzTarPerm extractEntry components/progressbar.d.ts
306 silly gunzTarPerm modified mode [ 'components/progressbar.d.ts', 420, 438 ]
307 silly gunzTarPerm extractEntry components/rating/rating.component.js
308 silly gunzTarPerm modified mode [ 'components/rating/rating.component.js', 420, 438 ]
309 silly gunzTarPerm extractEntry components/rating/rating.component.d.ts
310 silly gunzTarPerm modified mode [ 'components/rating/rating.component.d.ts', 420, 438 ]
311 silly gunzTarPerm extractEntry components/rating/readme.md
312 silly gunzTarPerm modified mode [ 'components/rating/readme.md', 420, 438 ]
313 silly gunzTarPerm extractEntry components/rating/title.md
314 silly gunzTarPerm modified mode [ 'components/rating/title.md', 420, 438 ]
315 silly gunzTarPerm extractEntry components/rating.d.ts
316 silly gunzTarPerm modified mode [ 'components/rating.d.ts', 420, 438 ]
317 silly gunzTarPerm extractEntry components/carousel/carousel.component.js
318 silly gunzTarPerm modified mode [ 'components/carousel/carousel.component.js', 420, 438 ]
319 silly gunzTarPerm extractEntry components/carousel/slide.component.js
320 silly gunzTarPerm modified mode [ 'components/carousel/slide.component.js', 420, 438 ]
321 silly gunzTarPerm extractEntry components/carousel/carousel.component.d.ts
322 silly gunzTarPerm modified mode [ 'components/carousel/carousel.component.d.ts', 420, 438 ]
323 silly gunzTarPerm extractEntry components/carousel/readme.md
324 silly gunzTarPerm modified mode [ 'components/carousel/readme.md', 420, 438 ]
325 silly gunzTarPerm extractEntry components/carousel/slide.component.d.ts
326 silly gunzTarPerm modified mode [ 'components/carousel/slide.component.d.ts', 420, 438 ]
327 silly gunzTarPerm extractEntry components/carousel/title.md
328 silly gunzTarPerm modified mode [ 'components/carousel/title.md', 420, 438 ]
329 silly gunzTarPerm extractEntry components/tabs/tab.directive.js
330 silly gunzTarPerm modified mode [ 'components/tabs/tab.directive.js', 420, 438 ]
331 silly gunzTarPerm extractEntry components/tabs/tab-heading.directive.js
332 silly gunzTarPerm modified mode [ 'components/tabs/tab-heading.directive.js', 420, 438 ]
333 silly gunzTarPerm extractEntry components/tabs/tabset.component.js
334 silly gunzTarPerm modified mode [ 'components/tabs/tabset.component.js', 420, 438 ]
335 silly gunzTarPerm extractEntry components/tabs/tab.directive.d.ts
336 silly gunzTarPerm modified mode [ 'components/tabs/tab.directive.d.ts', 420, 438 ]
337 silly gunzTarPerm extractEntry components/tabs/tab-heading.directive.d.ts
338 silly gunzTarPerm modified mode [ 'components/tabs/tab-heading.directive.d.ts', 420, 438 ]
339 silly gunzTarPerm extractEntry components/tabs/tabset.component.d.ts
340 silly gunzTarPerm modified mode [ 'components/tabs/tabset.component.d.ts', 420, 438 ]
341 silly gunzTarPerm extractEntry components/tabs/readme.md
342 silly gunzTarPerm modified mode [ 'components/tabs/readme.md', 420, 438 ]
343 silly gunzTarPerm extractEntry components/tabs/title.md
344 silly gunzTarPerm modified mode [ 'components/tabs/title.md', 420, 438 ]
345 silly gunzTarPerm extractEntry components/tabs.d.ts
346 silly gunzTarPerm modified mode [ 'components/tabs.d.ts', 420, 438 ]
347 silly gunzTarPerm extractEntry components/carousel.d.ts
348 silly gunzTarPerm modified mode [ 'components/carousel.d.ts', 420, 438 ]
349 silly gunzTarPerm extractEntry components/timepicker/timepicker.component.js
350 silly gunzTarPerm modified mode [ 'components/timepicker/timepicker.component.js', 420, 438 ]
351 silly gunzTarPerm extractEntry components/timepicker/readme.md
352 silly gunzTarPerm modified mode [ 'components/timepicker/readme.md', 420, 438 ]
353 silly gunzTarPerm extractEntry components/timepicker/timepicker.component.d.ts
354 silly gunzTarPerm modified mode [ 'components/timepicker/timepicker.component.d.ts', 420, 438 ]
355 silly gunzTarPerm extractEntry components/timepicker/title.md
356 silly gunzTarPerm modified mode [ 'components/timepicker/title.md', 420, 438 ]
357 silly gunzTarPerm extractEntry components/timepicker.d.ts
358 silly gunzTarPerm modified mode [ 'components/timepicker.d.ts', 420, 438 ]
359 silly gunzTarPerm extractEntry components/alert/alert.component.js
360 silly gunzTarPerm modified mode [ 'components/alert/alert.component.js', 420, 438 ]
361 silly gunzTarPerm extractEntry components/alert/alert.component.d.ts
362 silly gunzTarPerm modified mode [ 'components/alert/alert.component.d.ts', 420, 438 ]
363 silly gunzTarPerm extractEntry components/alert/readme.md
364 silly gunzTarPerm modified mode [ 'components/alert/readme.md', 420, 438 ]
365 silly gunzTarPerm extractEntry components/alert/title.md
366 silly gunzTarPerm modified mode [ 'components/alert/title.md', 420, 438 ]
367 silly gunzTarPerm extractEntry components/tooltip/tooltip-container.component.js
368 silly gunzTarPerm modified mode [ 'components/tooltip/tooltip-container.component.js', 420, 438 ]
369 silly gunzTarPerm extractEntry components/tooltip/tooltip-options.class.js
370 silly gunzTarPerm modified mode [ 'components/tooltip/tooltip-options.class.js', 420, 438 ]
371 silly gunzTarPerm extractEntry components/tooltip/tooltip.directive.js
372 silly gunzTarPerm modified mode [ 'components/tooltip/tooltip.directive.js', 420, 438 ]
373 silly gunzTarPerm extractEntry components/tooltip/tooltip-options.class.d.ts
374 silly gunzTarPerm modified mode [ 'components/tooltip/tooltip-options.class.d.ts', 420, 438 ]
375 silly gunzTarPerm extractEntry components/tooltip/title.md
376 silly gunzTarPerm modified mode [ 'components/tooltip/title.md', 420, 438 ]
377 silly gunzTarPerm extractEntry components/tooltip/tooltip-container.component.d.ts
378 silly gunzTarPerm modified mode [ 'components/tooltip/tooltip-container.component.d.ts',
378 silly gunzTarPerm   420,
378 silly gunzTarPerm   438 ]
379 silly gunzTarPerm extractEntry components/tooltip/tooltip.directive.d.ts
380 silly gunzTarPerm modified mode [ 'components/tooltip/tooltip.directive.d.ts', 420, 438 ]
381 silly gunzTarPerm extractEntry components/tooltip/readme.md
382 silly gunzTarPerm modified mode [ 'components/tooltip/readme.md', 420, 438 ]
383 silly gunzTarPerm extractEntry components/tooltip.d.ts
384 silly gunzTarPerm modified mode [ 'components/tooltip.d.ts', 420, 438 ]
385 silly gunzTarPerm extractEntry components/typeahead/typeahead-container.component.js
386 silly gunzTarPerm modified mode [ 'components/typeahead/typeahead-container.component.js',
386 silly gunzTarPerm   420,
386 silly gunzTarPerm   438 ]
387 silly gunzTarPerm extractEntry components/typeahead/latin-map.js
388 silly gunzTarPerm modified mode [ 'components/typeahead/latin-map.js', 420, 438 ]
389 silly gunzTarPerm extractEntry components/typeahead/typeahead-options.class.js
390 silly gunzTarPerm modified mode [ 'components/typeahead/typeahead-options.class.js', 420, 438 ]
391 silly gunzTarPerm extractEntry components/typeahead/typeahead-utils.js
392 silly gunzTarPerm modified mode [ 'components/typeahead/typeahead-utils.js', 420, 438 ]
393 silly gunzTarPerm extractEntry components/typeahead/typeahead.directive.js
394 silly gunzTarPerm modified mode [ 'components/typeahead/typeahead.directive.js', 420, 438 ]
395 silly gunzTarPerm extractEntry components/typeahead/typeahead-options.class.d.ts
396 silly gunzTarPerm modified mode [ 'components/typeahead/typeahead-options.class.d.ts', 420, 438 ]
397 silly gunzTarPerm extractEntry components/typeahead/latin-map.d.ts
398 silly gunzTarPerm modified mode [ 'components/typeahead/latin-map.d.ts', 420, 438 ]
399 silly gunzTarPerm extractEntry components/typeahead/readme.md
400 silly gunzTarPerm modified mode [ 'components/typeahead/readme.md', 420, 438 ]
401 silly gunzTarPerm extractEntry components/typeahead/typeahead-utils.d.ts
402 silly gunzTarPerm modified mode [ 'components/typeahead/typeahead-utils.d.ts', 420, 438 ]
403 silly gunzTarPerm extractEntry components/typeahead/title.md
404 silly gunzTarPerm modified mode [ 'components/typeahead/title.md', 420, 438 ]
405 silly gunzTarPerm extractEntry components/typeahead/typeahead.directive.d.ts
406 silly gunzTarPerm modified mode [ 'components/typeahead/typeahead.directive.d.ts', 420, 438 ]
407 silly gunzTarPerm extractEntry components/typeahead/typeahead-container.component.d.ts
408 silly gunzTarPerm modified mode [ 'components/typeahead/typeahead-container.component.d.ts',
408 silly gunzTarPerm   420,
408 silly gunzTarPerm   438 ]
409 silly gunzTarPerm extractEntry components/typeahead.d.ts
410 silly gunzTarPerm modified mode [ 'components/typeahead.d.ts', 420, 438 ]
411 silly gunzTarPerm extractEntry components/collapse/collapse.directive.js
412 silly gunzTarPerm modified mode [ 'components/collapse/collapse.directive.js', 420, 438 ]
413 silly gunzTarPerm extractEntry components/collapse/collapse.directive.d.ts
414 silly gunzTarPerm modified mode [ 'components/collapse/collapse.directive.d.ts', 420, 438 ]
415 silly gunzTarPerm extractEntry components/collapse/readme.md
416 silly gunzTarPerm modified mode [ 'components/collapse/readme.md', 420, 438 ]
417 silly gunzTarPerm extractEntry components/collapse/title.md
418 silly gunzTarPerm modified mode [ 'components/collapse/title.md', 420, 438 ]
419 silly gunzTarPerm extractEntry .editorconfig
420 silly gunzTarPerm modified mode [ '.editorconfig', 420, 438 ]
421 silly gunzTarPerm extractEntry .config/bundle-system.js
422 silly gunzTarPerm modified mode [ '.config/bundle-system.js', 493, 511 ]
423 silly gunzTarPerm extractEntry ng2-bootstrap.d.ts
424 silly gunzTarPerm modified mode [ 'ng2-bootstrap.d.ts', 420, 438 ]
425 silly gunzTarPerm extractEntry .travis.yml
426 silly gunzTarPerm modified mode [ '.travis.yml', 420, 438 ]
427 silly gunzTarPerm extractEntry typings.json
428 silly gunzTarPerm modified mode [ 'typings.json', 420, 438 ]
429 silly gunzTarPerm extractEntry CHANGELOG.md
430 silly gunzTarPerm modified mode [ 'CHANGELOG.md', 420, 438 ]
431 silly gunzTarPerm extractEntry .eslintrc.json
432 silly gunzTarPerm modified mode [ '.eslintrc.json', 420, 438 ]
433 silly gunzTarPerm extractEntry tsconfig.json
434 silly gunzTarPerm modified mode [ 'tsconfig.json', 420, 438 ]
435 silly gunzTarPerm extractEntry tslint.json
436 silly gunzTarPerm modified mode [ 'tslint.json', 420, 438 ]
437 verbose write writing to D:\VarunWork\angular2\node_modules\ng2-bootstrap\package.json
438 info preinstall ng2-bootstrap@1.0.16
439 verbose readDependencies loading dependencies from D:\VarunWork\angular2\node_modules\ng2-bootstrap\package.json
440 verbose readDependencies loading dependencies from D:\VarunWork\angular2\node_modules\ng2-bootstrap\package.json
441 silly install resolved []
442 verbose about to build D:\VarunWork\angular2\node_modules\ng2-bootstrap
443 info build D:\VarunWork\angular2\node_modules\ng2-bootstrap
444 info linkStuff ng2-bootstrap@1.0.16
445 silly linkStuff ng2-bootstrap@1.0.16 has D:\VarunWork\angular2\node_modules as its parent node_modules
446 verbose linkBins ng2-bootstrap@1.0.16
447 verbose linkMans ng2-bootstrap@1.0.16
448 verbose rebuildBundles ng2-bootstrap@1.0.16
449 info install ng2-bootstrap@1.0.16
450 info postinstall ng2-bootstrap@1.0.16
451 verbose unlock done using C:\Users\varun\AppData\Roaming\npm-cache\_locks\ng2-bootstrap-3e8d70a411c6cda6.lock for D:\VarunWork\angular2\node_modules\ng2-bootstrap
452 verbose validateInstall loading D:\VarunWork\angular2\package.json for validation
453 verbose stack Error: The package reflect-metadata@0.1.3 does not satisfy its siblings' peerDependencies requirements!
453 verbose stack     at C:\Program Files\nodejs\node_modules\npm\lib\install.js:125:32
453 verbose stack     at C:\Program Files\nodejs\node_modules\npm\lib\install.js:268:7
453 verbose stack     at C:\Program Files\nodejs\node_modules\npm\node_modules\read-installed\read-installed.js:142:5
453 verbose stack     at C:\Program Files\nodejs\node_modules\npm\node_modules\read-installed\read-installed.js:263:14
453 verbose stack     at cb (C:\Program Files\nodejs\node_modules\npm\node_modules\slide\lib\async-map.js:47:24)
453 verbose stack     at C:\Program Files\nodejs\node_modules\npm\node_modules\read-installed\read-installed.js:263:14
453 verbose stack     at cb (C:\Program Files\nodejs\node_modules\npm\node_modules\slide\lib\async-map.js:47:24)
453 verbose stack     at C:\Program Files\nodejs\node_modules\npm\node_modules\read-installed\read-installed.js:263:14
453 verbose stack     at cb (C:\Program Files\nodejs\node_modules\npm\node_modules\slide\lib\async-map.js:47:24)
453 verbose stack     at C:\Program Files\nodejs\node_modules\npm\node_modules\read-installed\read-installed.js:263:14
454 verbose cwd D:\VarunWork\angular2
455 error Windows_NT 6.1.7601
456 error argv "C:\\Program Files\\nodejs\\node.exe" "C:\\Program Files\\nodejs\\node_modules\\npm\\bin\\npm-cli.js" "install" "--save" "ng2-bootstrap"
457 error node v4.4.3
458 error npm  v2.15.1
459 error code EPEERINVALID
460 error peerinvalid The package reflect-metadata@0.1.3 does not satisfy its siblings' peerDependencies requirements!
460 error peerinvalid Peer angular2@2.0.0-beta.14 wants reflect-metadata@0.1.2
461 verbose exit [ 1, true ]
